<?xml version="1.0" encoding="UTF-8"?>
<testng-results ignored="0" total="1" passed="1" failed="0" skipped="0">
  <reporter-output>
  </reporter-output>
  <suite started-at="2026-06-06T20:57:14 IST" name="Surefire suite" finished-at="2026-06-06T20:57:46 IST" duration-ms="32094">
    <groups>
    </groups>
    <test started-at="2026-06-06T20:57:14 IST" name="Surefire test" finished-at="2026-06-06T20:57:46 IST" duration-ms="32094">
      <class name="ScratchGroSkillBatch4.ScratchGroSkillBatch4.AppTest">
        <test-method signature="shouldAnswerWithTrue()" started-at="2026-06-06T20:57:14 IST" name="shouldAnswerWithTrue" finished-at="2026-06-06T20:57:14 IST" duration-ms="16" status="PASS">
          <reporter-output>
          </reporter-output>
        </test-method> <!-- shouldAnswerWithTrue -->
      </class> <!-- ScratchGroSkillBatch4.ScratchGroSkillBatch4.AppTest -->
    </test> <!-- Surefire test -->
  </suite> <!-- Surefire suite -->
</testng-results>
